Traceback (most recent call last):
  File "/home/tillstehling/.local/lib/python3.11/site-packages/jupyter_core/utils/__init__.py", line 154, in wrapped
    asyncio.get_running_loop()
RuntimeError: no running event loop

During handling of the above exception, another exception occurred:

Traceback (most recent call last):
  File "/home/tillstehling/miniconda3/lib/python3.11/site-packages/jupyter_cache/executors/utils.py", line 58, in single_nb_execution
    executenb(
  File "/home/tillstehling/miniconda3/lib/python3.11/site-packages/nbclient/client.py", line 1305, in execute
    return NotebookClient(nb=nb, resources=resources, km=km, **kwargs).execute()
           ^^^^^^^^^^^^^^^^^^^^^^^^^^^^^^^^^^^^^^^^^^^^^^^^^^^^^^^^^^^^^^^^^^^^^
  File "/home/tillstehling/.local/lib/python3.11/site-packages/jupyter_core/utils/__init__.py", line 158, in wrapped
    return loop.run_until_complete(inner)
           ^^^^^^^^^^^^^^^^^^^^^^^^^^^^^^
  File "/home/tillstehling/miniconda3/lib/python3.11/asyncio/base_events.py", line 653, in run_until_complete
    return future.result()
           ^^^^^^^^^^^^^^^
  File "/home/tillstehling/miniconda3/lib/python3.11/site-packages/nbclient/client.py", line 705, in async_execute
    await self.async_execute_cell(
  File "/home/tillstehling/miniconda3/lib/python3.11/site-packages/nbclient/client.py", line 1058, in async_execute_cell
    await self._check_raise_for_error(cell, cell_index, exec_reply)
  File "/home/tillstehling/miniconda3/lib/python3.11/site-packages/nbclient/client.py", line 914, in _check_raise_for_error
    raise CellExecutionError.from_cell_and_msg(cell, exec_reply_content)
nbclient.exceptions.CellExecutionError: An error occurred while executing the following cell:
------------------
from pulsedjax.frog import Vanilla

vanilla = Vanilla(delay, frequency, trace, "shg")

population = vanilla.create_initial_population(5, "random")

final_result = vanilla.run(population, 50)
------------------


[0;31m---------------------------------------------------------------------------[0m
[0;31mModuleNotFoundError[0m                       Traceback (most recent call last)
Cell [0;32mIn[1], line 1[0m
[0;32m----> 1[0m [38;5;28;01mfrom[39;00m[38;5;250m [39m[38;5;21;01mpulsedjax[39;00m[38;5;21;01m.[39;00m[38;5;21;01mfrog[39;00m[38;5;250m [39m[38;5;28;01mimport[39;00m Vanilla
[1;32m      3[0m vanilla [38;5;241m=[39m Vanilla(delay, frequency, trace, [38;5;124m"[39m[38;5;124mshg[39m[38;5;124m"[39m)
[1;32m      5[0m population [38;5;241m=[39m vanilla[38;5;241m.[39mcreate_initial_population([38;5;241m5[39m, [38;5;124m"[39m[38;5;124mrandom[39m[38;5;124m"[39m)

[0;31mModuleNotFoundError[0m: No module named 'pulsedjax'

